Using pre-set license
Built from '2020.2/release' branch; Version is '2020.2.4f1 (becced5a802b) revision 12504301'; Using compiler version '192528614'; Build Type 'Release'
OS: 'Windows 10 Pro; OS build 22631.3296; Version 2009; 64bit' Language: 'es' Physical Memory: 14020 MB
BatchMode: 1, IsHumanControllingUs: 0, StartBugReporterOnCrash: 0, Is64bit: 1, IsPro: 0

 COMMAND LINE ARGUMENTS:
C:\Program Files\Unity\Hub\Editor\2020.2.4f1\Editor\Unity.exe
-adb2
-batchMode
-noUpm
-name
AssetImportWorker0
-projectPath
C:/Users/mireia/Desktop/Roll a ball tutorial/Rollaball
-logFile
Logs/AssetImportWorker0.log
-srvPort
65309
Successfully changed project path to: C:/Users/mireia/Desktop/Roll a ball tutorial/Rollaball
C:/Users/mireia/Desktop/Roll a ball tutorial/Rollaball
Using Asset Import Pipeline V2.
Refreshing native plugins compatible for Editor in 56.82 ms, found 0 plugins.
Preloading 0 native plugins for Editor in 0.00 ms.
Initialize engine version: 2020.2.4f1 (becced5a802b)
[Subsystems] Discovering subsystems at path C:/Program Files/Unity/Hub/Editor/2020.2.4f1/Editor/Data/Resources/UnitySubsystems
[Subsystems] Discovering subsystems at path C:/Users/mireia/Desktop/Roll a ball tutorial/Rollaball/Assets
GfxDevice: creating device client; threaded=0
Direct3D:
    Version:  Direct3D 11.0 [level 11.1]
    Renderer: AMD RadeonT 680M (ID=0x1681)
    Vendor:   
    VRAM:     7010 MB
    Driver:   31.0.21024.2004
Shader 'Universal Render Pipeline/Particles/Lit': fallback shader 'Universal Render Pipeline/Particles/SimpleLit' not found
Initialize mono
Mono path[0] = 'C:/Program Files/Unity/Hub/Editor/2020.2.4f1/Editor/Data/Managed'
Mono path[1] = 'C:/Program Files/Unity/Hub/Editor/2020.2.4f1/Editor/Data/MonoBleedingEdge/lib/mono/unityjit'
Mono config path = 'C:/Program Files/Unity/Hub/Editor/2020.2.4f1/Editor/Data/MonoBleedingEdge/etc'
Using monoOptions --debugger-agent=transport=dt_socket,embedding=1,server=y,suspend=n,address=127.0.0.1:56528
Begin MonoManager ReloadAssembly
Registering precompiled unity dll's ...
Register platform support module: C:/Program Files/Unity/Hub/Editor/2020.2.4f1/Editor/Data/PlaybackEngines/WindowsStandaloneSupport/UnityEditor.WindowsStandalone.Extensions.dll
Registered in 0.001726 seconds.
Native extension for WindowsStandalone target not found
Refreshing native plugins compatible for Editor in 54.88 ms, found 0 plugins.
Preloading 0 native plugins for Editor in 0.00 ms.
Invoked RoslynAnalysisRunner static constructor.
RoslynAnalysisRunner will not be running.
RoslynAnalysisRunner has terminated.
Mono: successfully reloaded assembly
- Completed reload, in  1.215 seconds
Platform modules already initialized, skipping
Registering precompiled user dll's ...
Registered in 0.001828 seconds.
Begin MonoManager ReloadAssembly
Native extension for WindowsStandalone target not found
Refreshing native plugins compatible for Editor in 54.77 ms, found 0 plugins.
Preloading 0 native plugins for Editor in 0.00 ms.
Invoked RoslynAnalysisRunner static constructor.
RoslynAnalysisRunner will not be running.
RoslynAnalysisRunner has terminated.
Mono: successfully reloaded assembly
- Completed reload, in  1.036 seconds
Platform modules already initialized, skipping
========================================================================
Worker process is ready to serve import requests
Shader 'Universal Render Pipeline/Particles/Lit': fallback shader 'Universal Render Pipeline/Particles/SimpleLit' not found
Launched and connected shader compiler UnityShaderCompiler.exe after 0.05 seconds
Refreshing native plugins compatible for Editor in 0.61 ms, found 0 plugins.
Preloading 0 native plugins for Editor in 0.00 ms.
Unloading 2720 Unused Serialized files (Serialized files now loaded: 0)
System memory in use before: 137.1 MB.
System memory in use after: 137.3 MB.

Unloading 12 unused Assets to reduce memory usage. Loaded Objects now: 3179.
Total: 3.058400 ms (FindLiveObjects: 0.467100 ms CreateObjectMapping: 0.177000 ms MarkObjects: 2.331200 ms  DeleteObjects: 0.081400 ms)

========================================================================
Received Import Request.
  path: Assets/Template/Materials
  artifactKey: Guid(d0234ba368eeec9418390da711bfdad0) Importer(815301076,1909f56bfc062723c751e8b465ee728b)
Start importing Assets/Template/Materials using Guid(d0234ba368eeec9418390da711bfdad0) Importer(815301076,1909f56bfc062723c751e8b465ee728b)  -> (artifact id: 'c9b20449dc8cb8f7422ac759c624d678') in 0.016027 seconds
  Import took 0.021359 seconds .

========================================================================
Received Import Request.
  Time since last request: 0.000467 seconds.
  path: Assets/Template/Materials/Skybox_Mat.mat
  artifactKey: Guid(0ffaa0b7117ba8c47a9d05ae701d4b4d) Importer(815301076,1909f56bfc062723c751e8b465ee728b)
Start importing Assets/Template/Materials/Skybox_Mat.mat using Guid(0ffaa0b7117ba8c47a9d05ae701d4b4d) Importer(815301076,1909f56bfc062723c751e8b465ee728b)  -> (artifact id: '2ae2082f3530151cc57d78d021384507') in 0.280657 seconds
  Import took 0.286406 seconds .

========================================================================
Received Import Request.
  Time since last request: 16.668632 seconds.
  path: Assets/Materials/New Material.mat
  artifactKey: Guid(47f0304ea418512439689c6a71509d89) Importer(815301076,1909f56bfc062723c751e8b465ee728b)
Start importing Assets/Materials/New Material.mat using Guid(47f0304ea418512439689c6a71509d89) Importer(815301076,1909f56bfc062723c751e8b465ee728b)  -> (artifact id: '520253c7ba0c1a0ea897d241834fe1c1') in 0.033255 seconds
  Import took 0.043955 seconds .

========================================================================
Received Import Request.
  Time since last request: 49.067303 seconds.
  path: Assets/Materials/free-red-brick-wall-vector.jpg
  artifactKey: Guid(0fc659a8794002148902ac8979488533) Importer(815301076,1909f56bfc062723c751e8b465ee728b)
Start importing Assets/Materials/free-red-brick-wall-vector.jpg using Guid(0fc659a8794002148902ac8979488533) Importer(815301076,1909f56bfc062723c751e8b465ee728b)  -> (artifact id: 'a9990a30732b0fba13adf6784aa5e8a4') in 0.034876 seconds
  Import took 0.042818 seconds .

========================================================================
Received Import Request.
  Time since last request: 0.024132 seconds.
  path: Assets/Materials/free-red-brick-wall-vector.jpg
  artifactKey: Guid(0fc659a8794002148902ac8979488533) Importer(815301076,1909f56bfc062723c751e8b465ee728b)
Start importing Assets/Materials/free-red-brick-wall-vector.jpg using Guid(0fc659a8794002148902ac8979488533) Importer(815301076,1909f56bfc062723c751e8b465ee728b)  -> (artifact id: 'a9990a30732b0fba13adf6784aa5e8a4') in 0.023313 seconds
  Import took 0.031786 seconds .

AssetImportWorkerClient::OnTransportError - code=2 error=End of file
